<?xml version="1.0" encoding="UTF-8"?>
<!-- Generated by org.testng.reporters.JUnitReportReporter -->
<testsuite hostname="Aaqibs-MacBook-Pro.local" failures="0" tests="5" name="com.ounass.qa.testcases.HomePageTest" time="179.254" errors="0" timestamp="2023-04-12T15:15:28 PKT" skipped="0">
  <testcase classname="com.ounass.qa.testcases.HomePageTest" name="verifyAccountTitleTest" time="42.351"/>
  <system-out/>
  <testcase classname="com.ounass.qa.testcases.HomePageTest" name="verifyEmailaddressTest" time="36.470"/>
  <system-out/>
  <testcase classname="com.ounass.qa.testcases.HomePageTest" name="verifyWishlistLinkTest" time="34.732"/>
  <system-out/>
  <testcase classname="com.ounass.qa.testcases.HomePageTest" name="verifyBaglistLinkTest" time="35.177"/>
  <system-out/>
  <testcase classname="com.ounass.qa.testcases.HomePageTest" name="verifyHomepagebtnTest" time="30.524"/>
  <system-out/>
</testsuite> <!-- com.ounass.qa.testcases.HomePageTest -->
