<?xml version="1.0" encoding="UTF-8"?>
<!-- Generated by org.testng.reporters.JUnitReportReporter -->
<testsuite hostname="Aaqibs-MacBook-Pro.local" failures="0" tests="2" name="com.ounass.qa.testcases.WishlistPageTest" time="63.803" errors="0" timestamp="2023-04-20T16:11:29 PKT" skipped="0">
  <testcase classname="com.ounass.qa.testcases.WishlistPageTest" name="verifyWishlistTitleTest" time="31.445"/>
  <system-out/>
  <testcase classname="com.ounass.qa.testcases.WishlistPageTest" name="verifyWishlistitemTest" time="32.358"/>
  <system-out/>
</testsuite> <!-- com.ounass.qa.testcases.WishlistPageTest -->
