<?xml version="1.0" encoding="UTF-8"?>
<!-- Generated by org.testng.reporters.JUnitReportReporter -->
<testsuite hostname="Aaqibs-MacBook-Pro.local" failures="0" tests="3" name="com.ounass.qa.testcases.LoginPageTest" time="71.569" errors="0" timestamp="2023-04-12T15:15:28 PKT" skipped="0">
  <testcase classname="com.ounass.qa.testcases.LoginPageTest" name="loginTest" time="29.547"/>
  <system-out/>
  <testcase classname="com.ounass.qa.testcases.LoginPageTest" name="loginbtnTest" time="21.747"/>
  <system-out/>
  <testcase classname="com.ounass.qa.testcases.LoginPageTest" name="loginPageTitleTest" time="20.275"/>
  <system-out/>
</testsuite> <!-- com.ounass.qa.testcases.LoginPageTest -->
