<?xml version="1.0" encoding="UTF-8"?>
<!-- Generated by org.testng.reporters.JUnitReportReporter -->
<testsuite hostname="Aaqibs-MacBook-Pro.local" failures="0" tests="2" name="com.ounass.qa.testcases.WishlistPageTest" time="71.772" errors="0" timestamp="2023-04-12T15:15:28 PKT" skipped="0">
  <testcase classname="com.ounass.qa.testcases.WishlistPageTest" name="verifyWishlistTitleTest" time="34.935"/>
  <system-out/>
  <testcase classname="com.ounass.qa.testcases.WishlistPageTest" name="verifyWishlistitemTest" time="36.837"/>
  <system-out/>
</testsuite> <!-- com.ounass.qa.testcases.WishlistPageTest -->
